\BOOKMARK [0][-]{chapter.1}{\376\377\127\367\210\114\144\130\211\201}{}% 1
\BOOKMARK [0][-]{chapter.2}{\376\377\230\130\146\157\202\007\117\177\124\175}{}% 2
\BOOKMARK [0][-]{chapter.3}{\376\377\161\337\220\113\151\202\211\275}{}% 3
\BOOKMARK [1][-]{subsection.3.0.1}{\376\377\142\021\120\021\153\062\211\343\154\172\166\204\143\021\142\060}{chapter.3}% 4
\BOOKMARK [2][-]{subsection.3.0.2}{\376\377\142\021\120\021\166\204\211\343\154\172\145\271\150\110\131\047\175\261}{subsection.3.0.1}% 5
\BOOKMARK [0][-]{chapter.4}{\376\377\161\337\220\113\116\055\124\004\211\322\202\162\116\113\212\252\146\016}{}% 6
\BOOKMARK [1][-]{section.4.1}{\376\377\161\337\220\113\166\204\0004\172\056\211\322\202\162}{chapter.4}% 7
\BOOKMARK [2][-]{subsection.4.1.1}{\376\377\136\163\123\360\166\204\211\322\202\162}{section.4.1}% 8
\BOOKMARK [2][-]{subsection.4.1.2}{\376\377\147\015\122\331\143\320\117\233\200\005\377\010\000S\000P\377\011\166\204\211\322\202\162}{section.4.1}% 9
\BOOKMARK [2][-]{subsection.4.1.3}{\376\377\155\101\122\325\140\047\143\320\117\233\200\005\166\204\211\322\202\162}{section.4.1}% 10
\BOOKMARK [2][-]{subsection.4.1.4}{\376\377\117\177\165\050\200\005\166\204\211\322\202\162}{section.4.1}% 11
\BOOKMARK [0][-]{chapter.5}{\376\377\000C\000y\000b\000e\000r\000P\000l\000a\000z\000a\000\040\000T\000o\000k\000e\000n\000\040\000\050\000C\000P\000T\000\051\000\040\202\007\116\343\136\143\175\223\157\337\133\170}{}% 12
\BOOKMARK [1][-]{subsection.5.0.1}{\376\377\000C\000P\000T\000\040\116\343\136\143\151\202\211\275\202\007\145\110\165\050}{chapter.5}% 13
\BOOKMARK [2][-]{subsection.5.0.2}{\376\377\145\066\121\145\152\041\127\213\202\007\122\006\221\115\152\137\122\066}{subsection.5.0.1}% 14
\BOOKMARK [2][-]{subsection.5.0.3}{\376\377\116\343\136\143\122\006\221\115\202\007\223\226\120\011\221\313\145\076\212\010\165\153}{subsection.5.0.1}% 15
\BOOKMARK [2][-]{subsection.5.0.4}{\376\377\155\101\122\325\140\047\157\300\122\365\202\007\000\040\000v\000e\000T\000o\000k\000e\000n\000\040\214\352\142\274\152\041\127\213}{subsection.5.0.1}% 16
\BOOKMARK [2][-]{subsection.5.0.5}{\376\377\116\012\136\002\173\126\165\145\202\007\117\335\133\210\140\305\130\203}{subsection.5.0.1}% 17
\BOOKMARK [0][-]{chapter.6}{\376\377\171\321\142\200\202\007\147\266\151\313}{}% 18
\BOOKMARK [1][-]{section.6.1}{\376\377\134\010\150\110\154\273\164\006\127\372\171\016\212\055\145\275}{chapter.6}% 19
\BOOKMARK [2][-]{subsection.6.1.1}{\376\377\151\202\217\360}{section.6.1}% 20
\BOOKMARK [2][-]{subsection.6.1.2}{\376\377\146\172\141\147\124\010\175\004\152\041\175\104}{section.6.1}% 21
\BOOKMARK [2][-]{subsection.6.1.3}{\376\377\116\343\136\143\152\031\156\226\202\007\134\017\145\170\206\125\164\006}{section.6.1}% 22
\BOOKMARK [2][-]{subsection.6.1.4}{\376\377\142\225\171\150\212\027\173\241\116\343\136\143\152\137\122\066}{section.6.1}% 23
\BOOKMARK [2][-]{subsection.6.1.5}{\376\377\230\020\212\000\152\137\145\164\124\010}{section.6.1}% 24
\BOOKMARK [2][-]{subsection.6.1.6}{\376\377\154\273\164\006\147\266\151\313}{section.6.1}% 25
\BOOKMARK [2][-]{subsection.6.1.7}{\376\377\215\350\223\310\127\372\171\016\212\055\145\275}{section.6.1}% 26
\BOOKMARK [2][-]{subsection.6.1.8}{\376\377\223\042\123\005\127\372\171\016\212\055\145\275}{section.6.1}% 27
\BOOKMARK [1][-]{section.6.2}{\376\377\136\002\130\064\220\113\173\227\127\372\171\016\212\055\145\275}{chapter.6}% 28
\BOOKMARK [2][-]{subsection.6.2.1}{\376\377\174\373\175\161\147\266\151\313}{section.6.2}% 29
\BOOKMARK [2][-]{subsection.6.2.2}{\376\377\000H\000P\000C\127\372\171\016\212\055\145\275\121\103\116\366}{section.6.2}% 30
\BOOKMARK [2][-]{subsection.6.2.3}{\376\377\116\330\153\076\202\007\175\120\173\227\127\372\171\016\212\055\145\275}{section.6.2}% 31
\BOOKMARK [2][-]{subsection.6.2.4}{\376\377\142\200\210\123\130\006\165\212}{section.6.2}% 32
\BOOKMARK [2][-]{subsection.6.2.5}{\376\377\136\163\123\360\117\177\165\050\200\005\122\237\200\375}{section.6.2}% 33
\BOOKMARK [2][-]{subsection.6.2.6}{\376\377\121\154\147\011\226\362\145\164\124\010}{section.6.2}% 34
\BOOKMARK [2][-]{subsection.6.2.7}{\376\377\131\032\123\342\226\306\173\241\164\006\174\373\175\161}{section.6.2}% 35
\BOOKMARK [2][-]{subsection.6.2.8}{\376\377\145\110\200\375\166\343\143\247\127\372\171\016\212\055\145\275}{section.6.2}% 36
\BOOKMARK [2][-]{subsection.6.2.9}{\376\377\141\311\165\050\116\055\137\303}{section.6.2}% 37
\BOOKMARK [2][-]{subsection.6.2.10}{\376\377\170\154\232\324\145\110\200\375\212\125\117\060}{section.6.2}% 38
\BOOKMARK [2][-]{subsection.6.2.11}{\376\377\133\211\121\150\147\266\151\313\202\007\124\010\211\217}{section.6.2}% 39
\BOOKMARK [2][-]{subsection.6.2.12}{\376\377\144\364\134\125\140\047\202\007\145\110\200\375\147\000\117\163\123\026}{section.6.2}% 40
\BOOKMARK [2][-]{subsection.6.2.13}{\376\377\160\175\226\343\137\251\123\237}{section.6.2}% 41
\BOOKMARK [2][-]{subsection.6.2.14}{\376\377\166\174\134\125\215\357\175\332\127\026}{section.6.2}% 42
\BOOKMARK [2][-]{subsection.6.2.15}{\376\377\176\075\175\120}{section.6.2}% 43
\BOOKMARK [0][-]{chapter.7}{\376\377\166\174\134\125\215\357\175\332\127\026}{}% 44
\BOOKMARK [1][-]{section.7.1}{\376\377\166\174\134\125\215\357\175\332\127\026\202\007\122\337\214\307\212\010\165\153}{chapter.7}% 45
\BOOKMARK [2][-]{subsection.7.1.1}{\376\377\134\010\150\110\166\174\134\125\215\357\175\332\127\026}{section.7.1}% 46
\BOOKMARK [2][-]{subsection.7.1.2}{\376\377\122\337\214\307\212\010\165\153}{section.7.1}% 47
\BOOKMARK [0][-]{chapter.8}{\376\377\150\070\137\303\127\030\226\212\060\001\127\372\221\321\147\003\202\007\230\147\125\117}{}% 48
\BOOKMARK [0][-]{chapter.9}{\376\377\124\010\117\134\131\045\117\064\202\007\123\124\117\134}{}% 49
\BOOKMARK [0][-]{chapter.10}{\376\377\136\002\130\064\133\232\117\115\202\007\172\366\162\055\121\052\122\342}{}% 50
\BOOKMARK [1][-]{section.10.1}{\376\377\136\002\130\064\201\010\175\141\202\007\142\020\225\167\122\325\141\113}{chapter.10}% 51
\BOOKMARK [1][-]{section.10.2}{\376\377\166\370\217\003\145\274\214\307\165\042\116\343\136\143\123\026\136\163\123\360\166\204\133\232\117\115}{chapter.10}% 52
\BOOKMARK [1][-]{section.10.3}{\376\377\172\366\162\055\122\006\147\220\377\032\000W\000e\000b\0003\000\040\220\113\173\227\136\163\123\360}{chapter.10}% 53
\BOOKMARK [2][-]{subsection.10.3.1}{\376\377\136\002\130\064\150\074\134\100\151\202\211\275}{section.10.3}% 54
\BOOKMARK [2][-]{subsection.10.3.2}{\376\377\142\200\210\123\135\356\165\160}{section.10.3}% 55
\BOOKMARK [2][-]{subsection.10.3.3}{\376\377\161\337\220\113\142\020\161\237\136\246}{section.10.3}% 56
\BOOKMARK [2][-]{subsection.10.3.4}{\376\377\214\307\156\220\202\007\165\050\142\066\127\372\171\016}{section.10.3}% 57
\BOOKMARK [2][-]{subsection.10.3.5}{\376\377\145\164\124\010\165\037\141\113\174\373\173\126\165\145}{section.10.3}% 58
\BOOKMARK [0][-]{chapter.11}{\376\377\156\054\212\146\220\113\117\134\116\011\120\013\147\010\137\214\116\113\163\376\154\301}{}% 59
\BOOKMARK [0][-]{chapter.12}{\376\377\136\070\211\213\125\117\230\114\226\306}{}% 60
\BOOKMARK [1][-]{section.12.1}{\376\377\136\070\211\213\125\117\230\114}{chapter.12}% 61
