\BOOKMARK [0][-]{chapter.1}{\376\377\000E\000x\000e\000c\000u\000t\000i\000v\000e\000\040\000S\000u\000m\000m\000a\000r\000y}{}% 1
\BOOKMARK [0][-]{chapter.2}{\376\377\000V\000i\000s\000i\000o\000n\000\040\000a\000n\000d\000\040\000M\000i\000s\000s\000i\000o\000n}{}% 2
\BOOKMARK [0][-]{chapter.3}{\376\377\000O\000v\000e\000r\000v\000i\000e\000w\000\040\000o\000f\000\040\000O\000p\000e\000r\000a\000t\000i\000o\000n}{}% 3
\BOOKMARK [1][-]{subsection.3.0.1}{\376\377\000T\000h\000e\000\040\000C\000h\000a\000l\000l\000e\000n\000g\000e\000s\000\040\000w\000e\000\040\000a\000i\000m\000\040\000t\000o\000\040\000a\000d\000d\000r\000e\000s\000s}{chapter.3}% 4
\BOOKMARK [2][-]{subsection.3.0.2}{\376\377\000O\000u\000t\000l\000i\000n\000e\000\040\000o\000f\000\040\000O\000u\000r\000\040\000S\000o\000l\000u\000t\000i\000o\000n}{subsection.3.0.1}% 5
\BOOKMARK [0][-]{chapter.4}{\376\377\000D\000e\000s\000c\000r\000i\000p\000t\000i\000o\000n\000\040\000o\000f\000\040\000t\000h\000e\000\040\000R\000o\000l\000e\000s\000\040\000i\000n\000\040\000t\000h\000e\000\040\000O\000p\000e\000r\000a\000t\000i\000o\000n}{}% 6
\BOOKMARK [1][-]{section.4.1}{\376\377\000T\000h\000e\000\040\0004\000\040\000r\000o\000l\000e\000s\000\040\000o\000f\000\040\000t\000h\000e\000\040\000O\000p\000e\000r\000a\000t\000i\000o\000n}{chapter.4}% 7
\BOOKMARK [2][-]{subsection.4.1.1}{\376\377\000T\000h\000e\000\040\000R\000o\000l\000e\000\040\000o\000f\000\040\000t\000h\000e\000\040\000P\000l\000a\000t\000f\000o\000r\000m}{section.4.1}% 8
\BOOKMARK [2][-]{subsection.4.1.2}{\376\377\000T\000h\000e\000\040\000R\000o\000l\000e\000\040\000o\000f\000\040\000t\000h\000e\000\040\000S\000e\000r\000v\000i\000c\000e\000\040\000P\000r\000o\000v\000i\000d\000e\000r\000s\000\040\000\050\000S\000P\000s\000\051}{section.4.1}% 9
\BOOKMARK [2][-]{subsection.4.1.3}{\376\377\000T\000h\000e\000\040\000R\000o\000l\000e\000\040\000o\000f\000\040\000t\000h\000e\000\040\000L\000i\000q\000u\000i\000d\000i\000t\000y\000\040\000P\000r\000o\000v\000i\000d\000e\000r\000s}{section.4.1}% 10
\BOOKMARK [2][-]{subsection.4.1.4}{\376\377\000T\000h\000e\000\040\000R\000o\000l\000e\000\040\000o\000f\000\040\000t\000h\000e\000\040\000U\000s\000e\000r\000s}{section.4.1}% 11
\BOOKMARK [0][-]{chapter.5}{\376\377\000C\000y\000b\000e\000r\000P\000l\000a\000z\000a\000\040\000T\000o\000k\000e\000n\000\040\000\050\000C\000P\000T\000\051\000\040\000a\000n\000d\000\040\000T\000o\000k\000e\000n\000o\000m\000i\000c\000s}{}% 12
\BOOKMARK [1][-]{subsection.5.0.1}{\376\377\000C\000P\000T\000\040\000T\000o\000k\000e\000n\000\040\000O\000v\000e\000r\000v\000i\000e\000w\000\040\000a\000n\000d\000\040\000U\000t\000i\000l\000i\000t\000y}{chapter.5}% 13
\BOOKMARK [2][-]{subsection.5.0.2}{\376\377\000R\000e\000v\000e\000n\000u\000e\000\040\000M\000o\000d\000e\000l\000\040\000a\000n\000d\000\040\000D\000i\000s\000t\000r\000i\000b\000u\000t\000i\000o\000n\000\040\000M\000e\000c\000h\000a\000n\000i\000s\000m}{subsection.5.0.1}% 14
\BOOKMARK [2][-]{subsection.5.0.3}{\376\377\000T\000o\000k\000e\000n\000\040\000A\000l\000l\000o\000c\000a\000t\000i\000o\000n\000\040\000a\000n\000d\000\040\000V\000e\000s\000t\000i\000n\000g\000\040\000S\000c\000h\000e\000d\000u\000l\000e}{subsection.5.0.1}% 15
\BOOKMARK [2][-]{subsection.5.0.4}{\376\377\000L\000i\000q\000u\000i\000d\000i\000t\000y\000\040\000I\000n\000c\000e\000n\000t\000i\000v\000e\000s\000\040\000a\000n\000d\000\040\000v\000e\000T\000o\000k\000e\000n\000\040\000S\000t\000a\000k\000i\000n\000g\000\040\000M\000o\000d\000e\000l}{subsection.5.0.1}% 16
\BOOKMARK [2][-]{subsection.5.0.5}{\376\377\000G\000o\000-\000t\000o\000-\000M\000a\000r\000k\000e\000t\000\040\000S\000t\000r\000a\000t\000e\000g\000y\000\040\000a\000n\000d\000\040\000C\000o\000n\000s\000e\000r\000v\000a\000t\000i\000v\000e\000\040\000S\000c\000e\000n\000a\000r\000i\000o\000s}{subsection.5.0.1}% 17
\BOOKMARK [0][-]{chapter.6}{\376\377\000T\000e\000c\000h\000n\000o\000l\000o\000g\000y\000\040\000a\000n\000d\000\040\000A\000r\000c\000h\000i\000t\000e\000c\000t\000u\000r\000e}{}% 18
\BOOKMARK [1][-]{section.6.1}{\376\377\000P\000r\000o\000j\000e\000c\000t\000\040\000G\000o\000v\000e\000r\000n\000i\000n\000g\000\040\000I\000n\000f\000r\000a\000s\000t\000r\000u\000c\000t\000u\000r\000e\000s}{chapter.6}% 19
\BOOKMARK [2][-]{subsection.6.1.1}{\376\377\000G\000e\000n\000e\000r\000a\000l\000\040\000D\000e\000s\000c\000r\000i\000p\000t\000i\000o\000n}{section.6.1}% 20
\BOOKMARK [2][-]{subsection.6.1.2}{\376\377\000S\000m\000a\000r\000t\000\040\000C\000o\000n\000t\000r\000a\000c\000t\000\040\000M\000o\000d\000u\000l\000e\000s}{section.6.1}% 21
\BOOKMARK [2][-]{subsection.6.1.3}{\376\377\000T\000o\000k\000e\000n\000\040\000S\000t\000a\000n\000d\000a\000r\000d\000\040\000a\000n\000d\000\040\000D\000e\000c\000i\000m\000a\000l\000\040\000H\000a\000n\000d\000l\000i\000n\000g}{section.6.1}% 22
\BOOKMARK [2][-]{subsection.6.1.4}{\376\377\000V\000o\000t\000e\000-\000E\000s\000c\000r\000o\000w\000e\000d\000\040\000T\000o\000k\000e\000n\000\040\000M\000e\000c\000h\000a\000n\000i\000s\000m}{section.6.1}% 23
\BOOKMARK [2][-]{subsection.6.1.5}{\376\377\000O\000r\000a\000c\000l\000e\000\040\000I\000n\000t\000e\000g\000r\000a\000t\000i\000o\000n}{section.6.1}% 24
\BOOKMARK [2][-]{subsection.6.1.6}{\376\377\000G\000o\000v\000e\000r\000n\000a\000n\000c\000e\000\040\000A\000r\000c\000h\000i\000t\000e\000c\000t\000u\000r\000e}{section.6.1}% 25
\BOOKMARK [2][-]{subsection.6.1.7}{\376\377\000C\000r\000o\000s\000s\000-\000C\000h\000a\000i\000n\000\040\000I\000n\000f\000r\000a\000s\000t\000r\000u\000c\000t\000u\000r\000e}{section.6.1}% 26
\BOOKMARK [2][-]{subsection.6.1.8}{\376\377\000W\000a\000l\000l\000e\000t\000\040\000I\000n\000f\000r\000a\000s\000t\000r\000u\000c\000t\000u\000r\000e}{section.6.1}% 27
\BOOKMARK [1][-]{section.6.2}{\376\377\000M\000a\000r\000k\000e\000t\000p\000l\000a\000c\000e\000\040\000C\000o\000m\000p\000u\000t\000i\000n\000g\000\040\000I\000n\000f\000r\000a\000s\000t\000r\000u\000c\000t\000u\000r\000e}{chapter.6}% 28
\BOOKMARK [2][-]{subsection.6.2.1}{\376\377\000S\000y\000s\000t\000e\000m\000\040\000A\000r\000c\000h\000i\000t\000e\000c\000t\000u\000r\000e}{section.6.2}% 29
\BOOKMARK [2][-]{subsection.6.2.2}{\376\377\000H\000P\000C\000\040\000I\000n\000f\000r\000a\000s\000t\000r\000u\000c\000t\000u\000r\000e\000\040\000C\000o\000m\000p\000o\000n\000e\000n\000t\000s}{section.6.2}% 30
\BOOKMARK [2][-]{subsection.6.2.3}{\376\377\000P\000a\000y\000m\000e\000n\000t\000\040\000a\000n\000d\000\040\000S\000e\000t\000t\000l\000e\000m\000e\000n\000t\000\040\000I\000n\000f\000r\000a\000s\000t\000r\000u\000c\000t\000u\000r\000e}{section.6.2}% 31
\BOOKMARK [2][-]{subsection.6.2.4}{\376\377\000T\000e\000c\000h\000n\000i\000c\000a\000l\000\040\000S\000t\000a\000c\000k}{section.6.2}% 32
\BOOKMARK [2][-]{subsection.6.2.5}{\376\377\000P\000l\000a\000t\000f\000o\000r\000m\000\040\000U\000s\000e\000r\000\040\000F\000u\000n\000c\000t\000i\000o\000n\000s}{section.6.2}% 33
\BOOKMARK [2][-]{subsection.6.2.6}{\376\377\000P\000u\000b\000l\000i\000c\000\040\000C\000l\000o\000u\000d\000\040\000I\000n\000t\000e\000g\000r\000a\000t\000i\000o\000n}{section.6.2}% 34
\BOOKMARK [2][-]{subsection.6.2.7}{\376\377\000M\000u\000l\000t\000i\000-\000C\000l\000u\000s\000t\000e\000r\000\040\000M\000a\000n\000a\000g\000e\000m\000e\000n\000t\000\040\000S\000y\000s\000t\000e\000m}{section.6.2}% 35
\BOOKMARK [2][-]{subsection.6.2.8}{\376\377\000P\000e\000r\000f\000o\000r\000m\000a\000n\000c\000e\000\040\000M\000o\000n\000i\000t\000o\000r\000i\000n\000g\000\040\000I\000n\000f\000r\000a\000s\000t\000r\000u\000c\000t\000u\000r\000e}{section.6.2}% 36
\BOOKMARK [2][-]{subsection.6.2.9}{\376\377\000A\000p\000p\000l\000i\000c\000a\000t\000i\000o\000n\000\040\000C\000e\000n\000t\000e\000r}{section.6.2}% 37
\BOOKMARK [2][-]{subsection.6.2.10}{\376\377\000H\000a\000r\000d\000w\000a\000r\000e\000\040\000P\000e\000r\000f\000o\000r\000m\000a\000n\000c\000e\000\040\000E\000v\000a\000l\000u\000a\000t\000i\000o\000n}{section.6.2}% 38
\BOOKMARK [2][-]{subsection.6.2.11}{\376\377\000S\000e\000c\000u\000r\000i\000t\000y\000\040\000A\000r\000c\000h\000i\000t\000e\000c\000t\000u\000r\000e\000\040\000a\000n\000d\000\040\000C\000o\000m\000p\000l\000i\000a\000n\000c\000e}{section.6.2}% 39
\BOOKMARK [2][-]{subsection.6.2.12}{\376\377\000S\000c\000a\000l\000a\000b\000i\000l\000i\000t\000y\000\040\000a\000n\000d\000\040\000P\000e\000r\000f\000o\000r\000m\000a\000n\000c\000e\000\040\000O\000p\000t\000i\000m\000i\000z\000a\000t\000i\000o\000n}{section.6.2}% 40
\BOOKMARK [2][-]{subsection.6.2.13}{\376\377\000D\000i\000s\000a\000s\000t\000e\000r\000\040\000R\000e\000c\000o\000v\000e\000r\000y}{section.6.2}% 41
\BOOKMARK [2][-]{subsection.6.2.14}{\376\377\000D\000e\000v\000e\000l\000o\000p\000m\000e\000n\000t\000\040\000R\000o\000a\000d\000m\000a\000p}{section.6.2}% 42
\BOOKMARK [2][-]{subsection.6.2.15}{\376\377\000S\000u\000m\000m\000a\000r\000y}{section.6.2}% 43
\BOOKMARK [0][-]{chapter.7}{\376\377\000D\000e\000v\000e\000l\000o\000p\000m\000e\000n\000t\000\040\000R\000o\000a\000d\000m\000a\000p}{}% 44
\BOOKMARK [1][-]{section.7.1}{\376\377\000R\000o\000a\000d\000m\000a\000p\000\040\000a\000n\000d\000\040\000F\000u\000n\000d\000r\000a\000i\000s\000i\000n\000g\000\040\000P\000l\000a\000n}{chapter.7}% 45
\BOOKMARK [2][-]{subsection.7.1.1}{\376\377\000P\000r\000o\000j\000e\000c\000t\000\040\000R\000o\000a\000d\000m\000a\000p}{section.7.1}% 46
\BOOKMARK [2][-]{subsection.7.1.2}{\376\377\000F\000u\000n\000d\000r\000a\000i\000s\000i\000n\000g\000\040\000P\000l\000a\000n}{section.7.1}% 47
\BOOKMARK [0][-]{chapter.8}{\376\377\000C\000o\000r\000e\000\040\000T\000e\000a\000m\000,\000\040\000F\000o\000u\000n\000d\000a\000t\000i\000o\000n\000\040\000a\000n\000d\000\040\000A\000d\000v\000i\000s\000o\000r}{}% 48
\BOOKMARK [0][-]{chapter.9}{\376\377\000P\000a\000r\000t\000n\000e\000r\000s\000h\000i\000p\000\040\000a\000n\000d\000\040\000C\000o\000l\000l\000a\000b\000o\000r\000a\000t\000i\000o\000n}{}% 49
\BOOKMARK [0][-]{chapter.10}{\376\377\000M\000a\000r\000k\000e\000t\000\040\000P\000o\000s\000i\000t\000i\000o\000n\000\040\000a\000n\000d\000\040\000C\000o\000m\000p\000e\000t\000i\000t\000i\000v\000e\000\040\000A\000d\000v\000a\000n\000t\000a\000g\000e\000s}{}% 50
\BOOKMARK [1][-]{section.10.1}{\376\377\000M\000a\000r\000k\000e\000t\000\040\000C\000o\000n\000t\000e\000x\000t\000\040\000a\000n\000d\000\040\000G\000r\000o\000w\000t\000h\000\040\000D\000y\000n\000a\000m\000i\000c\000s}{chapter.10}% 51
\BOOKMARK [1][-]{section.10.2}{\376\377\000P\000o\000s\000i\000t\000i\000o\000n\000i\000n\000g\000\040\000A\000g\000a\000i\000n\000s\000t\000\040\000A\000s\000s\000e\000t\000\040\000T\000o\000k\000e\000n\000i\000z\000a\000t\000i\000o\000n\000\040\000P\000l\000a\000t\000f\000o\000r\000m\000s}{chapter.10}% 52
\BOOKMARK [1][-]{section.10.3}{\376\377\000C\000o\000m\000p\000e\000t\000i\000t\000i\000v\000e\000\040\000A\000n\000a\000l\000y\000s\000i\000s\000:\000\040\000W\000e\000b\0003\000\040\000C\000o\000m\000p\000u\000t\000i\000n\000g\000\040\000P\000l\000a\000t\000f\000o\000r\000m\000s}{chapter.10}% 53
\BOOKMARK [2][-]{subsection.10.3.1}{\376\377\000M\000a\000r\000k\000e\000t\000\040\000L\000a\000n\000d\000s\000c\000a\000p\000e\000\040\000O\000v\000e\000r\000v\000i\000e\000w}{section.10.3}% 54
\BOOKMARK [2][-]{subsection.10.3.2}{\376\377\000T\000e\000c\000h\000n\000i\000c\000a\000l\000\040\000D\000i\000f\000f\000e\000r\000e\000n\000t\000i\000a\000t\000i\000o\000n}{section.10.3}% 55
\BOOKMARK [2][-]{subsection.10.3.3}{\376\377\000O\000p\000e\000r\000a\000t\000i\000o\000n\000a\000l\000\040\000M\000a\000t\000u\000r\000i\000t\000y}{section.10.3}% 56
\BOOKMARK [2][-]{subsection.10.3.4}{\376\377\000R\000e\000s\000o\000u\000r\000c\000e\000\040\000a\000n\000d\000\040\000U\000s\000e\000r\000\040\000B\000a\000s\000e}{section.10.3}% 57
\BOOKMARK [2][-]{subsection.10.3.5}{\376\377\000I\000n\000t\000e\000g\000r\000a\000t\000e\000d\000\040\000E\000c\000o\000s\000y\000s\000t\000e\000m\000\040\000A\000p\000p\000r\000o\000a\000c\000h}{section.10.3}% 58
\BOOKMARK [0][-]{chapter.11}{\376\377\000C\000u\000r\000r\000e\000n\000t\000\040\000S\000t\000a\000t\000u\000s\000\040\000a\000n\000d\000\040\000D\000e\000v\000e\000l\000o\000p\000m\000e\000n\000t\000\040\000R\000o\000a\000d\000m\000a\000p}{}% 59
\BOOKMARK [0][-]{chapter.12}{\376\377\000F\000A\000Q}{}% 60
\BOOKMARK [1][-]{section.12.1}{\376\377\000F\000r\000e\000q\000u\000e\000n\000t\000l\000y\000\040\000A\000s\000k\000e\000d\000\040\000Q\000u\000e\000s\000t\000i\000o\000n\000s}{chapter.12}% 61
