\BOOKMARK [0][-]{chapter.1}{\376\377\142\147\210\114\144\130\211\201}{}% 1
\BOOKMARK [0][-]{chapter.2}{\376\377\141\077\146\157\116\016\117\177\124\175}{}% 2
\BOOKMARK [0][-]{chapter.3}{\376\377\144\315\117\134\151\202\217\360}{}% 3
\BOOKMARK [1][-]{subsection.3.0.1}{\376\377\142\021\116\354\145\350\127\050\211\343\121\263\166\204\143\021\142\030}{chapter.3}% 4
\BOOKMARK [2][-]{subsection.3.0.2}{\376\377\142\021\116\354\166\204\211\343\121\263\145\271\150\110\151\202\217\360}{subsection.3.0.1}% 5
\BOOKMARK [0][-]{chapter.4}{\376\377\217\320\204\045\116\055\166\204\211\322\202\162\143\317\217\360}{}% 6
\BOOKMARK [1][-]{section.4.1}{\376\377\217\320\204\045\166\204\0004\171\315\211\322\202\162}{chapter.4}% 7
\BOOKMARK [2][-]{subsection.4.1.1}{\376\377\136\163\123\360\166\204\211\322\202\162}{section.4.1}% 8
\BOOKMARK [2][-]{subsection.4.1.2}{\376\377\147\015\122\241\143\320\117\233\125\106\377\010\000S\000P\377\011\166\204\211\322\202\162}{section.4.1}% 9
\BOOKMARK [2][-]{subsection.4.1.3}{\376\377\155\101\122\250\140\047\143\320\117\233\125\106\166\204\211\322\202\162}{section.4.1}% 10
\BOOKMARK [2][-]{subsection.4.1.4}{\376\377\165\050\142\067\166\204\211\322\202\162}{section.4.1}% 11
\BOOKMARK [0][-]{chapter.5}{\376\377\000C\000y\000b\000e\000r\000P\000l\000a\000z\000a\000\040\116\343\136\001\377\010\000C\000P\000T\377\011\116\016\116\343\136\001\176\317\155\116}{}% 12
\BOOKMARK [1][-]{subsection.5.0.1}{\376\377\000C\000P\000T\116\343\136\001\151\202\217\360\116\016\165\050\220\024}{chapter.5}% 13
\BOOKMARK [2][-]{subsection.5.0.2}{\376\377\145\066\166\312\152\041\127\213\116\016\122\006\221\115\147\072\122\066}{subsection.5.0.1}% 14
\BOOKMARK [2][-]{subsection.5.0.3}{\376\377\116\343\136\001\122\006\221\115\116\016\225\001\116\323\221\312\145\076\213\241\122\022}{subsection.5.0.1}% 15
\BOOKMARK [2][-]{subsection.5.0.4}{\376\377\155\101\122\250\140\047\157\300\122\261\116\016\000v\000e\000T\000o\000k\000e\000n\215\050\142\274\152\041\127\213}{subsection.5.0.1}% 16
\BOOKMARK [2][-]{subsection.5.0.5}{\376\377\116\012\136\002\173\126\165\145\116\016\117\335\133\210\127\072\146\157}{subsection.5.0.1}% 17
\BOOKMARK [0][-]{chapter.6}{\376\377\142\200\147\057\116\016\147\266\147\204}{}% 18
\BOOKMARK [1][-]{section.6.1}{\376\377\230\171\166\356\154\273\164\006\127\372\170\100\213\276\145\275}{chapter.6}% 19
\BOOKMARK [2][-]{subsection.6.1.1}{\376\377\151\202\217\360}{section.6.1}% 20
\BOOKMARK [2][-]{subsection.6.1.2}{\376\377\146\172\200\375\124\010\176\246\152\041\127\127}{section.6.1}% 21
\BOOKMARK [2][-]{subsection.6.1.3}{\376\377\116\343\136\001\150\007\121\306\116\016\134\017\145\160\131\004\164\006}{section.6.1}% 22
\BOOKMARK [2][-]{subsection.6.1.4}{\376\377\225\001\116\323\142\225\171\150\116\343\136\001\147\072\122\066}{section.6.1}% 23
\BOOKMARK [2][-]{subsection.6.1.5}{\376\377\230\204\212\000\147\072\226\306\142\020}{section.6.1}% 24
\BOOKMARK [2][-]{subsection.6.1.6}{\376\377\154\273\164\006\147\266\147\204}{section.6.1}% 25
\BOOKMARK [2][-]{subsection.6.1.7}{\376\377\215\350\224\376\127\372\170\100\213\276\145\275}{section.6.1}% 26
\BOOKMARK [2][-]{subsection.6.1.8}{\376\377\224\261\123\005\127\372\170\100\213\276\145\275}{section.6.1}% 27
\BOOKMARK [1][-]{section.6.2}{\376\377\136\002\127\072\213\241\173\227\127\372\170\100\213\276\145\275}{chapter.6}% 28
\BOOKMARK [2][-]{subsection.6.2.1}{\376\377\174\373\176\337\147\266\147\204}{section.6.2}% 29
\BOOKMARK [2][-]{subsection.6.2.2}{\376\377\000H\000P\000C\127\372\170\100\213\276\145\275\176\304\116\366}{section.6.2}% 30
\BOOKMARK [2][-]{subsection.6.2.3}{\376\377\145\057\116\330\116\016\176\323\173\227\127\372\170\100\213\276\145\275}{section.6.2}% 31
\BOOKMARK [2][-]{subsection.6.2.4}{\376\377\142\200\147\057\150\010}{section.6.2}% 32
\BOOKMARK [2][-]{subsection.6.2.5}{\376\377\136\163\123\360\165\050\142\067\122\237\200\375}{section.6.2}% 33
\BOOKMARK [2][-]{subsection.6.2.6}{\376\377\121\154\121\161\116\221\226\306\142\020}{section.6.2}% 34
\BOOKMARK [2][-]{subsection.6.2.7}{\376\377\131\032\226\306\177\244\173\241\164\006\174\373\176\337}{section.6.2}% 35
\BOOKMARK [2][-]{subsection.6.2.8}{\376\377\140\047\200\375\166\321\143\247\127\372\170\100\213\276\145\275}{section.6.2}% 36
\BOOKMARK [2][-]{subsection.6.2.9}{\376\377\136\224\165\050\116\055\137\303}{section.6.2}% 37
\BOOKMARK [2][-]{subsection.6.2.10}{\376\377\170\154\116\366\140\047\200\375\213\304\117\060}{section.6.2}% 38
\BOOKMARK [2][-]{subsection.6.2.11}{\376\377\133\211\121\150\147\266\147\204\116\016\124\010\211\304\140\047}{section.6.2}% 39
\BOOKMARK [2][-]{subsection.6.2.12}{\376\377\123\357\142\151\134\125\140\047\116\016\140\047\200\375\117\030\123\026}{section.6.2}% 40
\BOOKMARK [2][-]{subsection.6.2.13}{\376\377\160\176\226\276\140\142\131\015}{section.6.2}% 41
\BOOKMARK [2][-]{subsection.6.2.14}{\376\377\123\321\134\125\215\357\176\277\126\376}{section.6.2}% 42
\BOOKMARK [2][-]{subsection.6.2.15}{\376\377\140\073\176\323}{section.6.2}% 43
\BOOKMARK [0][-]{chapter.7}{\376\377\137\000\123\321\215\357\176\277\126\376}{}% 44
\BOOKMARK [1][-]{section.7.1}{\376\377\215\357\176\277\126\376\116\016\207\215\215\104\213\241\122\022}{chapter.7}% 45
\BOOKMARK [2][-]{subsection.7.1.1}{\376\377\230\171\166\356\215\357\176\277\126\376}{section.7.1}% 46
\BOOKMARK [2][-]{subsection.7.1.2}{\376\377\207\215\215\104\213\241\122\022}{section.7.1}% 47
\BOOKMARK [0][-]{chapter.8}{\376\377\150\070\137\303\126\342\226\037\060\001\127\372\221\321\117\032\116\016\230\176\225\356}{}% 48
\BOOKMARK [0][-]{chapter.9}{\376\377\117\031\117\064\121\163\174\373\116\016\123\117\117\134}{}% 49
\BOOKMARK [0][-]{chapter.10}{\376\377\136\002\127\072\133\232\117\115\116\016\172\336\116\211\117\030\122\277}{}% 50
\BOOKMARK [1][-]{section.10.1}{\376\377\136\002\127\072\200\314\146\157\116\016\130\236\225\177\122\250\140\001}{chapter.10}% 51
\BOOKMARK [1][-]{section.10.2}{\376\377\116\016\215\104\116\247\116\343\136\001\123\026\136\163\123\360\166\204\133\232\117\115\135\356\137\002}{chapter.10}% 52
\BOOKMARK [1][-]{section.10.3}{\376\377\172\336\116\211\122\006\147\220\377\032\000W\000e\000b\0003\213\241\173\227\136\163\123\360}{chapter.10}% 53
\BOOKMARK [2][-]{subsection.10.3.1}{\376\377\136\002\127\072\150\074\134\100\151\202\217\360}{section.10.3}% 54
\BOOKMARK [2][-]{subsection.10.3.2}{\376\377\142\200\147\057\135\356\137\002\123\026}{section.10.3}% 55
\BOOKMARK [2][-]{subsection.10.3.3}{\376\377\217\320\204\045\142\020\161\237\136\246}{section.10.3}% 56
\BOOKMARK [2][-]{subsection.10.3.4}{\376\377\215\104\156\220\116\016\165\050\142\067\127\372\170\100}{section.10.3}% 57
\BOOKMARK [2][-]{subsection.10.3.5}{\376\377\116\000\117\123\123\026\165\037\140\001\174\373\176\337\145\271\154\325}{section.10.3}% 58
\BOOKMARK [0][-]{chapter.11}{\376\377\163\260\162\266\116\016\123\321\134\125\215\357\176\277\126\376}{}% 59
\BOOKMARK [0][-]{chapter.12}{\376\377\000F\000A\000Q}{}% 60
\BOOKMARK [1][-]{section.12.1}{\376\377\136\070\211\301\225\356\230\230}{chapter.12}% 61
